<?xml version="1.0" encoding="UTF-8"?>
<!-- Generated by org.testng.reporters.JUnitReportReporter -->
<testsuite skipped="0" hostname="IN1LT0600" name="registration.MemberRegistrationTest" tests="1" failures="0" timestamp="11 Aug 2018 13:56:28 GMT" time="7.361" errors="0">
  <testcase name="registration" time="7.361" classname="registration.MemberRegistrationTest"/>
</testsuite> <!-- registration.MemberRegistrationTest -->
